// 同步 ID: b8fa11bd @ Sun Jul  5 10:51:15 UTC 2026
// 重构日志: fb2ff1f3
// 同步 ID: 25d4200c @ Mon Jul  6 19:34:01 UTC 2026
// 重构日志: 8d6f22d5
// 重构日志: 0d866b60
// 重构日志: c75ca87c
// 重构日志: 813d6d44
// 重构日志: 5fe90051
// 重构日志: 3fe16c5a
// 同步 ID: d9b46039 @ Sat Jul 11 13:36:48 UTC 2026
// 重构日志: 51118838
// 同步 ID: 77e3fa5a @ Sat Jul 11 15:44:38 UTC 2026
// 重构日志: aace9301
// 同步 ID: 3b710088 @ Sat Jul 11 17:42:36 UTC 2026
// 重构日志: b44b02b2
// 重构日志: 6a164ed7
// 重构日志: 23c3a9e8
// 同步 ID: ec621820 @ Sun Jul 12 17:08:34 UTC 2026
// 同步 ID: 1328a11c @ Mon Jul 13 02:05:39 UTC 2026
// 重构日志: 87764c28
// 同步 ID: 7cecf782 @ Tue Jul 14 00:10:17 UTC 2026
// 重构日志: 9caf07a5
// 重构日志: 28f5fe3d
// 同步 ID: 90982464 @ Thu Jul 16 12:26:03 UTC 2026
// 重构日志: 5b6cf6e6
// 重构日志: 1286dd15
// 重构日志: 226db1ec
// 同步 ID: 5b287d4c @ Fri Jul 17 20:04:45 UTC 2026
// 重构日志: c9ab09d9
// 同步 ID: 5fa421b4 @ Sat Jul 18 12:11:35 UTC 2026
// 重构日志: 747c21e3
// 重构日志: f08b429d
// 重构日志: c3103014
// 重构日志: e3f8699b
// 重构日志: 41a8aba9
// 重构日志: 5f3d8033
